<?xml version="1.0" encoding="UTF-8"?>
<!-- Generated by org.testng.reporters.JUnitXMLReporter -->
<testsuite ignored="0" hostname="DESKTOP-LIR8JTA" failures="1" tests="1" name="Test" time="17.757" errors="0" timestamp="2023-04-14T11:20:24 IST">
  <testcase classname="com.amazon.qa.testCases.TC_LoginTest_001" name="loginTest" time="0.02">
    <failure type="java.lang.NullPointerException" message="Cannot invoke &amp;quot;org.openqa.selenium.WebDriver.get(String)&amp;quot; because &amp;quot;com.amazon.qa.testCases.TC_LoginTest_001.driver&amp;quot; is null">
      <![CDATA[java.lang.NullPointerException: Cannot invoke "org.openqa.selenium.WebDriver.get(String)" because "com.amazon.qa.testCases.TC_LoginTest_001.driver" is null
at com.amazon.qa.testCases.TC_LoginTest_001.loginTest(TC_LoginTest_001.java:19)
at java.base/java.util.ArrayList.forEach(ArrayList.java:1511)
... Removed 27 stack frames]]>
    </failure>
  </testcase> <!-- loginTest -->
</testsuite> <!-- Test -->
